<?xml version="1.0" encoding="UTF-8"?>
<!-- Generated by org.testng.reporters.JUnitReportReporter -->
<testsuite skipped="0" hostname="DESKTOP-BLUOTPN" name="org.samp.Adactin" tests="10" failures="0" timestamp="14 Sep 2021 10:59:53 GMT" time="2.104" errors="0">
  <testcase name="tc1" time="0.071" classname="org.samp.Adactin"/>
  <testcase name="tc2" time="0.061" classname="org.samp.Adactin"/>
  <testcase name="tc3" time="0.787" classname="org.samp.Adactin"/>
  <testcase name="Location" time="0.125" classname="org.samp.Adactin"/>
  <testcase name="hotel" time="0.100" classname="org.samp.Adactin"/>
  <testcase name="roomtype" time="0.088" classname="org.samp.Adactin"/>
  <testcase name="roomnos" time="0.109" classname="org.samp.Adactin"/>
  <testcase name="adultroom" time="0.065" classname="org.samp.Adactin"/>
  <testcase name="childroom" time="0.115" classname="org.samp.Adactin"/>
  <testcase name="search" time="0.583" classname="org.samp.Adactin"/>
</testsuite> <!-- org.samp.Adactin -->
